Task 0:
    structure:	bodyCentered
    direction:	[1, 0, 0]
    theta:	0.01
    mesh:	True
    flow:	False
Task 1:
    structure:	bodyCentered
    direction:	[1, 0, 0]
    theta:	0.02
    mesh:	True
    flow:	False
Task 2:
    structure:	bodyCentered
    direction:	[1, 0, 0]
    theta:	0.03
    mesh:	True
    flow:	False
Task 3:
    structure:	bodyCentered
    direction:	[1, 0, 0]
    theta:	0.04
    mesh:	True
    flow:	False
Task 4:
    structure:	bodyCentered
    direction:	[1, 0, 0]
    theta:	0.05
    mesh:	True
    flow:	False
Task 5:
    structure:	bodyCentered
    direction:	[1, 0, 0]
    theta:	0.06
    mesh:	True
    flow:	False
Task 6:
    structure:	bodyCentered
    direction:	[1, 0, 0]
    theta:	0.07
    mesh:	True
    flow:	False
Task 7:
    structure:	bodyCentered
    direction:	[1, 0, 0]
    theta:	0.08
    mesh:	True
    flow:	False
Task 8:
    structure:	bodyCentered
    direction:	[1, 0, 0]
    theta:	0.09
    mesh:	True
    flow:	False
Task 9:
    structure:	bodyCentered
    direction:	[1, 0, 0]
    theta:	0.1
    mesh:	True
    flow:	False
Task 10:
    structure:	bodyCentered
    direction:	[1, 0, 0]
    theta:	0.11
    mesh:	True
    flow:	False
Task 11:
    structure:	bodyCentered
    direction:	[1, 0, 0]
    theta:	0.12
    mesh:	True
    flow:	False
Task 12:
    structure:	bodyCentered
    direction:	[1, 0, 0]
    theta:	0.13
    mesh:	True
    flow:	False
Task 13:
    structure:	bodyCentered
    direction:	[0, 0, 1]
    theta:	0.01
    mesh:	True
    flow:	False
Task 14:
    structure:	bodyCentered
    direction:	[0, 0, 1]
    theta:	0.02
    mesh:	True
    flow:	False
Task 15:
    structure:	bodyCentered
    direction:	[0, 0, 1]
    theta:	0.03
    mesh:	True
    flow:	False
Task 16:
    structure:	bodyCentered
    direction:	[0, 0, 1]
    theta:	0.04
    mesh:	True
    flow:	False
Task 17:
    structure:	bodyCentered
    direction:	[0, 0, 1]
    theta:	0.05
    mesh:	True
    flow:	False
Task 18:
    structure:	bodyCentered
    direction:	[0, 0, 1]
    theta:	0.06
    mesh:	True
    flow:	False
Task 19:
    structure:	bodyCentered
    direction:	[0, 0, 1]
    theta:	0.07
    mesh:	True
    flow:	False
Task 20:
    structure:	bodyCentered
    direction:	[0, 0, 1]
    theta:	0.08
    mesh:	True
    flow:	False
Task 21:
    structure:	bodyCentered
    direction:	[0, 0, 1]
    theta:	0.09
    mesh:	True
    flow:	False
Task 22:
    structure:	bodyCentered
    direction:	[0, 0, 1]
    theta:	0.1
    mesh:	True
    flow:	False
Task 23:
    structure:	bodyCentered
    direction:	[0, 0, 1]
    theta:	0.11
    mesh:	True
    flow:	False
Task 24:
    structure:	bodyCentered
    direction:	[0, 0, 1]
    theta:	0.12
    mesh:	True
    flow:	False
Task 25:
    structure:	bodyCentered
    direction:	[0, 0, 1]
    theta:	0.13
    mesh:	True
    flow:	False
Task 26:
    structure:	bodyCentered
    direction:	[1, 1, 1]
    theta:	0.01
    mesh:	True
    flow:	False
Task 27:
    structure:	bodyCentered
    direction:	[1, 1, 1]
    theta:	0.02
    mesh:	True
    flow:	False
Task 28:
    structure:	bodyCentered
    direction:	[1, 1, 1]
    theta:	0.03
    mesh:	True
    flow:	False
Task 29:
    structure:	bodyCentered
    direction:	[1, 1, 1]
    theta:	0.04
    mesh:	True
    flow:	False
Task 30:
    structure:	bodyCentered
    direction:	[1, 1, 1]
    theta:	0.05
    mesh:	True
    flow:	False
Task 31:
    structure:	bodyCentered
    direction:	[1, 1, 1]
    theta:	0.06
    mesh:	True
    flow:	False
Task 32:
    structure:	bodyCentered
    direction:	[1, 1, 1]
    theta:	0.07
    mesh:	True
    flow:	False
Task 33:
    structure:	bodyCentered
    direction:	[1, 1, 1]
    theta:	0.08
    mesh:	True
    flow:	False
Task 34:
    structure:	bodyCentered
    direction:	[1, 1, 1]
    theta:	0.09
    mesh:	True
    flow:	False
Task 35:
    structure:	bodyCentered
    direction:	[1, 1, 1]
    theta:	0.1
    mesh:	True
    flow:	False
Task 36:
    structure:	bodyCentered
    direction:	[1, 1, 1]
    theta:	0.11
    mesh:	True
    flow:	False
Task 37:
    structure:	bodyCentered
    direction:	[1, 1, 1]
    theta:	0.12
    mesh:	True
    flow:	False
Task 38:
    structure:	bodyCentered
    direction:	[1, 1, 1]
    theta:	0.13
    mesh:	True
    flow:	False
Task 0:
    structure:	faceCentered
    direction:	[1, 0, 0]
    theta:	0.01
    mesh:	True
    flow:	True
Task 1:
    structure:	faceCentered
    direction:	[1, 0, 0]
    theta:	0.02
    mesh:	True
    flow:	True
Task 2:
    structure:	faceCentered
    direction:	[1, 0, 0]
    theta:	0.03
    mesh:	True
    flow:	True
Task 3:
    structure:	faceCentered
    direction:	[1, 0, 0]
    theta:	0.04
    mesh:	True
    flow:	True
Task 4:
    structure:	faceCentered
    direction:	[1, 0, 0]
    theta:	0.05
    mesh:	True
    flow:	True
Task 5:
    structure:	faceCentered
    direction:	[1, 0, 0]
    theta:	0.06
    mesh:	True
    flow:	True
Task 6:
    structure:	faceCentered
    direction:	[1, 0, 0]
    theta:	0.07
    mesh:	True
    flow:	True
Task 7:
    structure:	faceCentered
    direction:	[1, 0, 0]
    theta:	0.08
    mesh:	True
    flow:	True
Task 8:
    structure:	faceCentered
    direction:	[1, 0, 0]
    theta:	0.09
    mesh:	True
    flow:	True
Task 9:
    structure:	faceCentered
    direction:	[1, 0, 0]
    theta:	0.1
    mesh:	True
    flow:	True
Task 10:
    structure:	faceCentered
    direction:	[1, 0, 0]
    theta:	0.11
    mesh:	True
    flow:	True
Task 11:
    structure:	faceCentered
    direction:	[1, 0, 0]
    theta:	0.12
    mesh:	True
    flow:	True
Task 12:
    structure:	faceCentered
    direction:	[1, 0, 0]
    theta:	0.13
    mesh:	True
    flow:	True
Task 13:
    structure:	faceCentered
    direction:	[1, 0, 0]
    theta:	0.14
    mesh:	True
    flow:	False
Task 14:
    structure:	faceCentered
    direction:	[1, 0, 0]
    theta:	0.15
    mesh:	True
    flow:	True
Task 15:
    structure:	faceCentered
    direction:	[1, 0, 0]
    theta:	0.16
    mesh:	True
    flow:	True
Task 16:
    structure:	faceCentered
    direction:	[1, 0, 0]
    theta:	0.17
    mesh:	True
    flow:	False
Task 17:
    structure:	faceCentered
    direction:	[1, 0, 0]
    theta:	0.18
    mesh:	True
    flow:	True
Task 18:
    structure:	faceCentered
    direction:	[0, 0, 1]
    theta:	0.01
    mesh:	True
    flow:	True
Task 19:
    structure:	faceCentered
    direction:	[0, 0, 1]
    theta:	0.02
    mesh:	True
    flow:	True
Task 20:
    structure:	faceCentered
    direction:	[0, 0, 1]
    theta:	0.03
    mesh:	True
    flow:	True
Task 21:
    structure:	faceCentered
    direction:	[0, 0, 1]
    theta:	0.04
    mesh:	True
    flow:	True
Task 22:
    structure:	faceCentered
    direction:	[0, 0, 1]
    theta:	0.05
    mesh:	True
    flow:	True
Task 23:
    structure:	faceCentered
    direction:	[0, 0, 1]
    theta:	0.06
    mesh:	True
    flow:	True
Task 24:
    structure:	faceCentered
    direction:	[0, 0, 1]
    theta:	0.07
    mesh:	True
    flow:	True
Task 25:
    structure:	faceCentered
    direction:	[0, 0, 1]
    theta:	0.08
    mesh:	True
    flow:	True
Task 26:
    structure:	faceCentered
    direction:	[0, 0, 1]
    theta:	0.09
    mesh:	True
    flow:	True
Task 27:
    structure:	faceCentered
    direction:	[0, 0, 1]
    theta:	0.1
    mesh:	True
    flow:	True
Task 28:
    structure:	faceCentered
    direction:	[0, 0, 1]
    theta:	0.11
    mesh:	True
    flow:	True
Task 29:
    structure:	faceCentered
    direction:	[0, 0, 1]
    theta:	0.12
    mesh:	True
    flow:	True
Task 30:
    structure:	faceCentered
    direction:	[0, 0, 1]
    theta:	0.13
    mesh:	True
    flow:	False
Task 31:
    structure:	faceCentered
    direction:	[0, 0, 1]
    theta:	0.14
    mesh:	True
    flow:	False
Task 32:
    structure:	faceCentered
    direction:	[0, 0, 1]
    theta:	0.15
    mesh:	True
    flow:	True
Task 33:
    structure:	faceCentered
    direction:	[0, 0, 1]
    theta:	0.16
    mesh:	True
    flow:	False
Task 34:
    structure:	faceCentered
    direction:	[0, 0, 1]
    theta:	0.17
    mesh:	True
    flow:	False
Task 35:
    structure:	faceCentered
    direction:	[0, 0, 1]
    theta:	0.18
    mesh:	True
    flow:	False
Task 36:
    structure:	faceCentered
    direction:	[1, 1, 1]
    theta:	0.01
    mesh:	True
    flow:	False
Task 37:
    structure:	faceCentered
    direction:	[1, 1, 1]
    theta:	0.02
    mesh:	True
    flow:	False
Task 38:
    structure:	faceCentered
    direction:	[1, 1, 1]
    theta:	0.03
    mesh:	True
    flow:	True
Task 39:
    structure:	faceCentered
    direction:	[1, 1, 1]
    theta:	0.04
    mesh:	True
    flow:	False
Task 40:
    structure:	faceCentered
    direction:	[1, 1, 1]
    theta:	0.05
    mesh:	True
    flow:	True
Task 41:
    structure:	faceCentered
    direction:	[1, 1, 1]
    theta:	0.06
    mesh:	True
    flow:	False
Task 42:
    structure:	faceCentered
    direction:	[1, 1, 1]
    theta:	0.07
    mesh:	True
    flow:	False
Task 43:
    structure:	faceCentered
    direction:	[1, 1, 1]
    theta:	0.08
    mesh:	True
    flow:	True
Task 44:
    structure:	faceCentered
    direction:	[1, 1, 1]
    theta:	0.09
    mesh:	True
    flow:	False
Task 45:
    structure:	faceCentered
    direction:	[1, 1, 1]
    theta:	0.1
    mesh:	True
    flow:	True
Task 46:
    structure:	faceCentered
    direction:	[1, 1, 1]
    theta:	0.11
    mesh:	True
    flow:	True
Task 47:
    structure:	faceCentered
    direction:	[1, 1, 1]
    theta:	0.12
    mesh:	True
    flow:	True
Task 48:
    structure:	faceCentered
    direction:	[1, 1, 1]
    theta:	0.13
    mesh:	True
    flow:	False
Task 49:
    structure:	faceCentered
    direction:	[1, 1, 1]
    theta:	0.14
    mesh:	True
    flow:	False
Task 50:
    structure:	faceCentered
    direction:	[1, 1, 1]
    theta:	0.15
    mesh:	True
    flow:	False
Task 51:
    structure:	faceCentered
    direction:	[1, 1, 1]
    theta:	0.16
    mesh:	True
    flow:	False
Task 52:
    structure:	faceCentered
    direction:	[1, 1, 1]
    theta:	0.17
    mesh:	True
    flow:	False
Task 53:
    structure:	faceCentered
    direction:	[1, 1, 1]
    theta:	0.18
    mesh:	True
    flow:	False
